<?xml version="1.0" encoding="UTF-8"?>
<!-- Generated by org.testng.reporters.JUnitXMLReporter -->
<testsuite hostname="EPBYMINW2898" ignored="0" name="All-tests" tests="3" failures="1" timestamp="19 Jun 2017 10:45:14 GMT" time="79.326" errors="0">
  <testcase name="LoginToVoloTea" time="16.839" classname="com.atm.modulefive.webdriver.advanced.tests.VoloTeaLoginWithUsers"/>
  <testcase name="SearchFlights" time="45.723" classname="com.atm.modulefive.webdriver.advanced.tests.VoloTeaTestwithSingleton">
    <failure type="java.lang.NullPointerException">
      <![CDATA[java.lang.NullPointerException
	at org.openqa.selenium.support.pagefactory.internal.LocatingElementHandler.invoke(LocatingElementHandler.java:51)
	at com.sun.proxy.$Proxy7.click(Unknown Source)
	at com.atm.modulefive.webdriver.advanced.pageobjects.VoloTeaFlightSearch.addOriginReturnDetails(VoloTeaFlightSearch.java:59)
	at com.atm.modulefive.webdriver.advanced.tests.VoloTeaTestwithSingleton.SearchFlights(VoloTeaTestwithSingleton.java:36)
... Removed 29 stack frames]]>
    </failure>
  </testcase> <!-- SearchFlights -->
  <testcase name="FlightInformation" time="0.0" classname="com.atm.modulefive.webdriver.advanced.tests.VoloTeaTestwithSingleton">
    <skipped/>
  </testcase> <!-- FlightInformation -->
</testsuite> <!-- All-tests -->
