<?xml version="1.0" encoding="UTF-8"?>
<testng-results skipped="1" failed="1" ignored="0" total="3" passed="1">
  <reporter-output>
  </reporter-output>
  <suite name="DefaultSuite" duration-ms="79326" started-at="2017-06-19T10:43:55Z" finished-at="2017-06-19T10:45:14Z">
    <groups>
    </groups>
    <test name="All-tests" duration-ms="79326" started-at="2017-06-19T10:43:55Z" finished-at="2017-06-19T10:45:14Z">
      <class name="com.atm.modulefive.webdriver.advanced.tests.VoloTeaLoginWithUsers">
        <test-method status="PASS" signature="startBrowser()[pri:0, instance:com.atm.modulefive.webdriver.advanced.tests.VoloTeaLoginWithUsers@77caeb3e]" name="startBrowser" is-config="true" duration-ms="8320" started-at="2017-06-19T13:43:55Z" description="Start Browser, maximize and add implicit sync wait time" finished-at="2017-06-19T13:44:03Z">
          <reporter-output>
          </reporter-output>
        </test-method> <!-- startBrowser -->
        <test-method status="PASS" signature="LoginToVoloTea()[pri:0, instance:com.atm.modulefive.webdriver.advanced.tests.VoloTeaLoginWithUsers@77caeb3e]" name="LoginToVoloTea" duration-ms="16839" started-at="2017-06-19T13:44:03Z" description="SignIn to VoloTea Application" finished-at="2017-06-19T13:44:20Z">
          <reporter-output>
          </reporter-output>
        </test-method> <!-- LoginToVoloTea -->
      </class> <!-- com.atm.modulefive.webdriver.advanced.tests.VoloTeaLoginWithUsers -->
      <class name="com.atm.modulefive.webdriver.advanced.tests.VoloTeaTestwithSingleton">
        <test-method status="PASS" signature="startBrowser()[pri:0, instance:com.atm.modulefive.webdriver.advanced.tests.VoloTeaTestwithSingleton@1e88b3c]" name="startBrowser" is-config="true" duration-ms="7307" started-at="2017-06-19T13:44:20Z" description="Intializw webdriver and launch application" finished-at="2017-06-19T13:44:28Z">
          <reporter-output>
          </reporter-output>
        </test-method> <!-- startBrowser -->
        <test-method status="FAIL" signature="SearchFlights()[pri:0, instance:com.atm.modulefive.webdriver.advanced.tests.VoloTeaTestwithSingleton@1e88b3c]" name="SearchFlights" duration-ms="45723" started-at="2017-06-19T13:44:28Z" description="Search Flights with given details" finished-at="2017-06-19T13:45:13Z">
          <exception class="java.lang.NullPointerException">
            <full-stacktrace>
              <![CDATA[java.lang.NullPointerException
	at sun.reflect.NativeMethodAccessorImpl.invoke0(Native Method)
	at sun.reflect.NativeMethodAccessorImpl.invoke(Unknown Source)
	at sun.reflect.DelegatingMethodAccessorImpl.invoke(Unknown Source)
	at java.lang.reflect.Method.invoke(Unknown Source)
	at org.openqa.selenium.support.pagefactory.internal.LocatingElementHandler.invoke(LocatingElementHandler.java:51)
	at com.sun.proxy.$Proxy7.click(Unknown Source)
	at com.atm.modulefive.webdriver.advanced.pageobjects.VoloTeaFlightSearch.addOriginReturnDetails(VoloTeaFlightSearch.java:59)
	at com.atm.modulefive.webdriver.advanced.tests.VoloTeaTestwithSingleton.SearchFlights(VoloTeaTestwithSingleton.java:36)
	at sun.reflect.NativeMethodAccessorImpl.invoke0(Native Method)
	at sun.reflect.NativeMethodAccessorImpl.invoke(Unknown Source)
	at sun.reflect.DelegatingMethodAccessorImpl.invoke(Unknown Source)
	at java.lang.reflect.Method.invoke(Unknown Source)
	at org.testng.internal.MethodInvocationHelper.invokeMethod(MethodInvocationHelper.java:108)
	at org.testng.internal.Invoker.invokeMethod(Invoker.java:661)
	at org.testng.internal.Invoker.invokeTestMethod(Invoker.java:869)
	at org.testng.internal.Invoker.invokeTestMethods(Invoker.java:1193)
	at org.testng.internal.TestMethodWorker.invokeTestMethods(TestMethodWorker.java:126)
	at org.testng.internal.TestMethodWorker.run(TestMethodWorker.java:109)
	at org.testng.TestRunner.privateRun(TestRunner.java:744)
	at org.testng.TestRunner.run(TestRunner.java:602)
	at org.testng.SuiteRunner.runTest(SuiteRunner.java:380)
	at org.testng.SuiteRunner.runSequentially(SuiteRunner.java:375)
	at org.testng.SuiteRunner.privateRun(SuiteRunner.java:340)
	at org.testng.SuiteRunner.run(SuiteRunner.java:289)
	at org.testng.SuiteRunnerWorker.runSuite(SuiteRunnerWorker.java:52)
	at org.testng.SuiteRunnerWorker.run(SuiteRunnerWorker.java:86)
	at org.testng.TestNG.runSuitesSequentially(TestNG.java:1301)
	at org.testng.TestNG.runSuitesLocally(TestNG.java:1226)
	at org.testng.TestNG.runSuites(TestNG.java:1144)
	at org.testng.TestNG.run(TestNG.java:1115)
	at org.testng.remote.AbstractRemoteTestNG.run(AbstractRemoteTestNG.java:132)
	at org.testng.remote.RemoteTestNG.initAndRun(RemoteTestNG.java:230)
	at org.testng.remote.RemoteTestNG.main(RemoteTestNG.java:76)
]]>
            </full-stacktrace>
          </exception> <!-- java.lang.NullPointerException -->
          <reporter-output>
          </reporter-output>
        </test-method> <!-- SearchFlights -->
        <test-method status="SKIP" signature="FlightInformation()[pri:0, instance:com.atm.modulefive.webdriver.advanced.tests.VoloTeaTestwithSingleton@1e88b3c]" name="FlightInformation" duration-ms="0" started-at="2017-06-19T13:45:13Z" description="Validate the Search query made previously" depends-on-methods="com.atm.modulefive.webdriver.advanced.tests.VoloTeaTestwithSingleton.SearchFlights" finished-at="2017-06-19T13:45:13Z">
          <exception class="java.lang.Throwable">
            <message>
              <![CDATA[Method VoloTeaTestwithSingleton.FlightInformation()[pri:0, instance:com.atm.modulefive.webdriver.advanced.tests.VoloTeaTestwithSingleton@1e88b3c] depends on not successfully finished methods]]>
            </message>
            <full-stacktrace>
              <![CDATA[java.lang.Throwable: Method VoloTeaTestwithSingleton.FlightInformation()[pri:0, instance:com.atm.modulefive.webdriver.advanced.tests.VoloTeaTestwithSingleton@1e88b3c] depends on not successfully finished methods
	at org.testng.internal.Invoker.invokeTestMethods(Invoker.java:1084)
	at org.testng.internal.TestMethodWorker.invokeTestMethods(TestMethodWorker.java:126)
	at org.testng.internal.TestMethodWorker.run(TestMethodWorker.java:109)
	at org.testng.TestRunner.privateRun(TestRunner.java:744)
	at org.testng.TestRunner.run(TestRunner.java:602)
	at org.testng.SuiteRunner.runTest(SuiteRunner.java:380)
	at org.testng.SuiteRunner.runSequentially(SuiteRunner.java:375)
	at org.testng.SuiteRunner.privateRun(SuiteRunner.java:340)
	at org.testng.SuiteRunner.run(SuiteRunner.java:289)
	at org.testng.SuiteRunnerWorker.runSuite(SuiteRunnerWorker.java:52)
	at org.testng.SuiteRunnerWorker.run(SuiteRunnerWorker.java:86)
	at org.testng.TestNG.runSuitesSequentially(TestNG.java:1301)
	at org.testng.TestNG.runSuitesLocally(TestNG.java:1226)
	at org.testng.TestNG.runSuites(TestNG.java:1144)
	at org.testng.TestNG.run(TestNG.java:1115)
	at org.testng.remote.AbstractRemoteTestNG.run(AbstractRemoteTestNG.java:132)
	at org.testng.remote.RemoteTestNG.initAndRun(RemoteTestNG.java:230)
	at org.testng.remote.RemoteTestNG.main(RemoteTestNG.java:76)
]]>
            </full-stacktrace>
          </exception> <!-- java.lang.Throwable -->
          <reporter-output>
          </reporter-output>
        </test-method> <!-- FlightInformation -->
        <test-method status="PASS" signature="stopBrowser()[pri:0, instance:com.atm.modulefive.webdriver.advanced.tests.VoloTeaTestwithSingleton@1e88b3c]" name="stopBrowser" is-config="true" duration-ms="1082" started-at="2017-06-19T13:45:13Z" description="Stop Browser" finished-at="2017-06-19T13:45:14Z">
          <reporter-output>
          </reporter-output>
        </test-method> <!-- stopBrowser -->
      </class> <!-- com.atm.modulefive.webdriver.advanced.tests.VoloTeaTestwithSingleton -->
    </test> <!-- All-tests -->
  </suite> <!-- DefaultSuite -->
</testng-results>
