<?xml version="1.0" encoding="UTF-8"?>
<!-- Generated by org.testng.reporters.JUnitXMLReporter -->
<testsuite hostname="EPINHYDW0086" ignored="0" name="Default test" tests="2" failures="0" timestamp="13 Jun 2017 11:13:57 GMT" time="20.6" errors="0">
  <testcase name="startBrowser" time="9.675" classname="com.atm.modulefive.webdriver.advanced.test.VoloTeaTest"/>
  <testcase name="EnterOriginReturnDetails" time="10.15" classname="com.atm.modulefive.webdriver.advanced.test.VoloTeaTest"/>
</testsuite> <!-- Default test -->
