<?xml version="1.0" encoding="UTF-8"?>
<testng-results skipped="0" failed="0" ignored="0" total="2" passed="2">
  <reporter-output>
  </reporter-output>
  <suite name="Default suite" duration-ms="20600" started-at="2017-06-13T11:13:37Z" finished-at="2017-06-13T11:13:57Z">
    <groups>
    </groups>
    <test name="Default test" duration-ms="20600" started-at="2017-06-13T11:13:37Z" finished-at="2017-06-13T11:13:57Z">
      <class name="com.atm.modulefive.webdriver.advanced.test.VoloTeaTest">
        <test-method status="PASS" signature="startBrowser()[pri:0, instance:com.atm.modulefive.webdriver.advanced.test.VoloTeaTest@523884b2]" name="startBrowser" duration-ms="9675" started-at="2017-06-13T16:43:37Z" description="Start Browser, maximize and add implicit sync wait time" finished-at="2017-06-13T16:43:46Z">
          <reporter-output>
          </reporter-output>
        </test-method> <!-- startBrowser -->
        <test-method status="PASS" signature="EnterOriginReturnDetails()[pri:0, instance:com.atm.modulefive.webdriver.advanced.test.VoloTeaTest@523884b2]" name="EnterOriginReturnDetails" duration-ms="10150" started-at="2017-06-13T16:43:46Z" description="Search Flights from Prague to Venice" depends-on-methods="com.atm.modulefive.webdriver.advanced.test.VoloTeaTest.startBrowser" finished-at="2017-06-13T16:43:56Z">
          <reporter-output>
          </reporter-output>
        </test-method> <!-- EnterOriginReturnDetails -->
        <test-method status="PASS" signature="stopBrowser()[pri:0, instance:com.atm.modulefive.webdriver.advanced.test.VoloTeaTest@523884b2]" name="stopBrowser" is-config="true" duration-ms="761" started-at="2017-06-13T16:43:56Z" description="Stop Browser" finished-at="2017-06-13T16:43:57Z">
          <reporter-output>
          </reporter-output>
        </test-method> <!-- stopBrowser -->
      </class> <!-- com.atm.modulefive.webdriver.advanced.test.VoloTeaTest -->
    </test> <!-- Default test -->
  </suite> <!-- Default suite -->
</testng-results>
