<?xml version="1.0" encoding="UTF-8"?>
<testng-results skipped="0" failed="0" ignored="0" total="3" passed="3">
  <reporter-output>
  </reporter-output>
  <suite name="Default suite" duration-ms="53968" started-at="2017-06-22T08:03:34Z" finished-at="2017-06-22T08:04:28Z">
    <groups>
    </groups>
    <test name="Default test" duration-ms="53968" started-at="2017-06-22T08:03:34Z" finished-at="2017-06-22T08:04:28Z">
      <class name="com.atm.modulefive.webdriver.advanced.tests.VoloTeaTestwithSingleton">
        <test-method status="PASS" signature="startBrowser()[pri:0, instance:com.atm.modulefive.webdriver.advanced.tests.VoloTeaTestwithSingleton@3212a8d7]" name="startBrowser" is-config="true" duration-ms="7913" started-at="2017-06-22T13:33:34Z" description="Intialize webdriver and launch application" finished-at="2017-06-22T13:33:42Z">
          <reporter-output>
          </reporter-output>
        </test-method> <!-- startBrowser -->
        <test-method status="PASS" signature="LoginToVoloTea()[pri:0, instance:com.atm.modulefive.webdriver.advanced.tests.VoloTeaTestwithSingleton@3212a8d7]" name="LoginToVoloTea" duration-ms="16984" started-at="2017-06-22T13:33:42Z" description="SignIn to VoloTea Application" finished-at="2017-06-22T13:33:59Z">
          <reporter-output>
          </reporter-output>
        </test-method> <!-- LoginToVoloTea -->
        <test-method status="PASS" signature="SearchFlights()[pri:0, instance:com.atm.modulefive.webdriver.advanced.tests.VoloTeaTestwithSingleton@3212a8d7]" name="SearchFlights" duration-ms="17357" started-at="2017-06-22T13:33:59Z" description="Search Flights with given details" depends-on-methods="com.atm.modulefive.webdriver.advanced.tests.VoloTeaTestwithSingleton.LoginToVoloTea" finished-at="2017-06-22T13:34:17Z">
          <reporter-output>
          </reporter-output>
        </test-method> <!-- SearchFlights -->
        <test-method status="PASS" signature="FlightInformation()[pri:0, instance:com.atm.modulefive.webdriver.advanced.tests.VoloTeaTestwithSingleton@3212a8d7]" name="FlightInformation" duration-ms="10422" started-at="2017-06-22T13:34:17Z" description="Validate the Search query made previously" depends-on-methods="com.atm.modulefive.webdriver.advanced.tests.VoloTeaTestwithSingleton.SearchFlights" finished-at="2017-06-22T13:34:27Z">
          <reporter-output>
          </reporter-output>
        </test-method> <!-- FlightInformation -->
        <test-method status="PASS" signature="stopBrowser()[pri:0, instance:com.atm.modulefive.webdriver.advanced.tests.VoloTeaTestwithSingleton@3212a8d7]" name="stopBrowser" is-config="true" duration-ms="780" started-at="2017-06-22T13:34:27Z" description="Stop Browser" finished-at="2017-06-22T13:34:28Z">
          <reporter-output>
          </reporter-output>
        </test-method> <!-- stopBrowser -->
      </class> <!-- com.atm.modulefive.webdriver.advanced.tests.VoloTeaTestwithSingleton -->
    </test> <!-- Default test -->
  </suite> <!-- Default suite -->
</testng-results>
