<?xml version="1.0" encoding="UTF-8"?>
<!-- Generated by org.testng.reporters.JUnitXMLReporter -->
<testsuite hostname="EPINHYDW0086" ignored="0" name="Default test" tests="3" failures="0" timestamp="22 Jun 2017 08:04:28 GMT" time="53.968" errors="0">
  <testcase name="LoginToVoloTea" time="16.984" classname="com.atm.modulefive.webdriver.advanced.tests.VoloTeaTestwithSingleton"/>
  <testcase name="SearchFlights" time="17.357" classname="com.atm.modulefive.webdriver.advanced.tests.VoloTeaTestwithSingleton"/>
  <testcase name="FlightInformation" time="10.422" classname="com.atm.modulefive.webdriver.advanced.tests.VoloTeaTestwithSingleton"/>
</testsuite> <!-- Default test -->
